# JRE version: OpenJDK Runtime Environment Temurin-21.0.7+6 (21.0.7+6) (build 21.0.7+6-LTS)
# Java VM: OpenJDK 64-Bit Server VM Temurin-21.0.7+6 (21.0.7+6-LTS, mixed mode, sharing, tiered, compressed oops, compressed class ptrs, parallel gc, windows-amd64)
GC Precious Log:
 CardTable entry size: 512
 CPUs: 16 total, 16 available
 Memory: 15613M
 Large Page Support: Disabled
 NUMA Support: Disabled
 Compressed Oops: Enabled (32-bit)
 Alignments: Space 512K, Generation 512K, Heap 2M
 Heap Min Capacity: 100M
 Heap Initial Capacity: 100M
 Heap Max Capacity: 2G
 Pre-touch: Disabled
 Parallel Workers: 13
Heap:
 PSYoungGen      total 17920K, used 7756K [0x00000000d5580000, 0x00000000d6980000, 0x0000000100000000)
  eden space 17408K, 41% used [0x00000000d5580000,0x00000000d5c98cc8,0x00000000d6680000)
  from space 512K, 95% used [0x00000000d6880000,0x00000000d68fa3f0,0x00000000d6900000)
  to   space 512K, 0% used [0x00000000d6900000,0x00000000d6900000,0x00000000d6980000)
 ParOldGen       total 68608K, used 42690K [0x0000000080000000, 0x0000000084300000, 0x00000000d5580000)
  object space 68608K, 62% used [0x0000000080000000,0x00000000829b09a0,0x0000000084300000)
 Metaspace       used 63770K, committed 65280K, reserved 1114112K
  class space    used 7845K, committed 8576K, reserved 1048576K
GC Heap History (20 events):
Event: 7.685 GC heap before
{Heap before GC invocations=49 (full 3):
 PSYoungGen      total 18432K, used 18424K [0x00000000d5580000, 0x00000000d6a80000, 0x0000000100000000)
  eden space 17408K, 100% used [0x00000000d5580000,0x00000000d6680000,0x00000000d6680000)
  from space 1024K, 99% used [0x00000000d6880000,0x00000000d697e0e0,0x00000000d6980000)
  to   space 1024K, 0% used [0x00000000d6980000,0x00000000d6980000,0x00000000d6a80000)
 ParOldGen       total 68608K, used 40823K [0x0000000080000000, 0x0000000084300000, 0x00000000d5580000)
  object space 68608K, 59% used [0x0000000080000000,0x00000000827ddd40,0x0000000084300000)
 Metaspace       used 61528K, committed 62976K, reserved 1114112K
  class space    used 7551K, committed 8256K, reserved 1048576K
}
Event: 7.686 GC heap after
{Heap after GC invocations=49 (full 3):
 PSYoungGen      total 18432K, used 1007K [0x00000000d5580000, 0x00000000d6a80000, 0x0000000100000000)
  eden space 17408K, 0% used [0x00000000d5580000,0x00000000d5580000,0x00000000d6680000)
  from space 1024K, 98% used [0x00000000d6980000,0x00000000d6a7bef0,0x00000000d6a80000)
  to   space 1536K, 0% used [0x00000000d6780000,0x00000000d6780000,0x00000000d6900000)
 ParOldGen       total 68608K, used 41126K [0x0000000080000000, 0x0000000084300000, 0x00000000d5580000)
  object space 68608K, 59% used [0x0000000080000000,0x0000000082829820,0x0000000084300000)
 Metaspace       used 61528K, committed 62976K, reserved 1114112K
  class space    used 7551K, committed 8256K, reserved 1048576K
}
Event: 7.848 GC heap before
{Heap before GC invocations=50 (full 3):
 PSYoungGen      total 18432K, used 18415K [0x00000000d5580000, 0x00000000d6a80000, 0x0000000100000000)
  eden space 17408K, 100% used [0x00000000d5580000,0x00000000d6680000,0x00000000d6680000)
  from space 1024K, 98% used [0x00000000d6980000,0x00000000d6a7bef0,0x00000000d6a80000)
  to   space 1536K, 0% used [0x00000000d6780000,0x00000000d6780000,0x00000000d6900000)
 ParOldGen       total 68608K, used 41128K [0x0000000080000000, 0x0000000084300000, 0x00000000d5580000)
  object space 68608K, 59% used [0x0000000080000000,0x000000008282a0e0,0x0000000084300000)
 Metaspace       used 62533K, committed 63936K, reserved 1114112K
  class space    used 7703K, committed 8320K, reserved 1048576K
}
Event: 7.849 GC heap after
{Heap after GC invocations=50 (full 3):
 PSYoungGen      total 18944K, used 544K [0x00000000d5580000, 0x00000000d6a00000, 0x0000000100000000)
  eden space 17408K, 0% used [0x00000000d5580000,0x00000000d5580000,0x00000000d6680000)
  from space 1536K, 35% used [0x00000000d6780000,0x00000000d6808000,0x00000000d6900000)
  to   space 1024K, 0% used [0x00000000d6900000,0x00000000d6900000,0x00000000d6a00000)
 ParOldGen       total 68608K, used 41208K [0x0000000080000000, 0x0000000084300000, 0x00000000d5580000)
  object space 68608K, 60% used [0x0000000080000000,0x000000008283e0e0,0x0000000084300000)
 Metaspace       used 62533K, committed 63936K, reserved 1114112K
  class space    used 7703K, committed 8320K, reserved 1048576K
}
Event: 8.241 GC heap before
{Heap before GC invocations=51 (full 3):
 PSYoungGen      total 18944K, used 17952K [0x00000000d5580000, 0x00000000d6a00000, 0x0000000100000000)
  eden space 17408K, 100% used [0x00000000d5580000,0x00000000d6680000,0x00000000d6680000)
  from space 1536K, 35% used [0x00000000d6780000,0x00000000d6808000,0x00000000d6900000)
  to   space 1024K, 0% used [0x00000000d6900000,0x00000000d6900000,0x00000000d6a00000)
 ParOldGen       total 68608K, used 41208K [0x0000000080000000, 0x0000000084300000, 0x00000000d5580000)
  object space 68608K, 60% used [0x0000000080000000,0x000000008283e0e0,0x0000000084300000)
 Metaspace       used 63341K, committed 64832K, reserved 1114112K
  class space    used 7786K, committed 8512K, reserved 1048576K
}
Event: 8.242 GC heap after
{Heap after GC invocations=51 (full 3):
 PSYoungGen      total 18432K, used 752K [0x00000000d5580000, 0x00000000d6a00000, 0x0000000100000000)
  eden space 17408K, 0% used [0x00000000d5580000,0x00000000d5580000,0x00000000d6680000)
  from space 1024K, 73% used [0x00000000d6900000,0x00000000d69bc020,0x00000000d6a00000)
  to   space 1024K, 0% used [0x00000000d6800000,0x00000000d6800000,0x00000000d6900000)
 ParOldGen       total 68608K, used 41504K [0x0000000080000000, 0x0000000084300000, 0x00000000d5580000)
  object space 68608K, 60% used [0x0000000080000000,0x00000000828880e0,0x0000000084300000)
 Metaspace       used 63341K, committed 64832K, reserved 1114112K
  class space    used 7786K, committed 8512K, reserved 1048576K
}
Event: 8.510 GC heap before
{Heap before GC invocations=52 (full 3):
 PSYoungGen      total 18432K, used 18160K [0x00000000d5580000, 0x00000000d6a00000, 0x0000000100000000)
  eden space 17408K, 100% used [0x00000000d5580000,0x00000000d6680000,0x00000000d6680000)
  from space 1024K, 73% used [0x00000000d6900000,0x00000000d69bc020,0x00000000d6a00000)
  to   space 1024K, 0% used [0x00000000d6800000,0x00000000d6800000,0x00000000d6900000)
 ParOldGen       total 68608K, used 41504K [0x0000000080000000, 0x0000000084300000, 0x00000000d5580000)
  object space 68608K, 60% used [0x0000000080000000,0x00000000828880e0,0x0000000084300000)
 Metaspace       used 63348K, committed 64832K, reserved 1114112K
  class space    used 7787K, committed 8512K, reserved 1048576K
}
Event: 8.515 GC heap after
{Heap after GC invocations=52 (full 3):
 PSYoungGen      total 18432K, used 256K [0x00000000d5580000, 0x00000000d6980000, 0x0000000100000000)
  eden space 17408K, 0% used [0x00000000d5580000,0x00000000d5580000,0x00000000d6680000)
  from space 1024K, 25% used [0x00000000d6800000,0x00000000d6840000,0x00000000d6900000)
  to   space 512K, 0% used [0x00000000d6900000,0x00000000d6900000,0x00000000d6980000)
 ParOldGen       total 68608K, used 42080K [0x0000000080000000, 0x0000000084300000, 0x00000000d5580000)
  object space 68608K, 61% used [0x0000000080000000,0x0000000082918110,0x0000000084300000)
 Metaspace       used 63348K, committed 64832K, reserved 1114112K
  class space    used 7787K, committed 8512K, reserved 1048576K
}
Event: 11.904 GC heap before
{Heap before GC invocations=53 (full 3):
 PSYoungGen      total 18432K, used 17664K [0x00000000d5580000, 0x00000000d6980000, 0x0000000100000000)
  eden space 17408K, 100% used [0x00000000d5580000,0x00000000d6680000,0x00000000d6680000)
  from space 1024K, 25% used [0x00000000d6800000,0x00000000d6840000,0x00000000d6900000)
  to   space 512K, 0% used [0x00000000d6900000,0x00000000d6900000,0x00000000d6980000)
 ParOldGen       total 68608K, used 42080K [0x0000000080000000, 0x0000000084300000, 0x00000000d5580000)
  object space 68608K, 61% used [0x0000000080000000,0x0000000082918110,0x0000000084300000)
 Metaspace       used 63456K, committed 64896K, reserved 1114112K
  class space    used 7802K, committed 8512K, reserved 1048576K
}
Event: 11.905 GC heap after
{Heap after GC invocations=53 (full 3):
 PSYoungGen      total 17920K, used 384K [0x00000000d5580000, 0x00000000d6980000, 0x0000000100000000)
  eden space 17408K, 0% used [0x00000000d5580000,0x00000000d5580000,0x00000000d6680000)
  from space 512K, 75% used [0x00000000d6900000,0x00000000d6960000,0x00000000d6980000)
  to   space 512K, 0% used [0x00000000d6880000,0x00000000d6880000,0x00000000d6900000)
 ParOldGen       total 68608K, used 42112K [0x0000000080000000, 0x0000000084300000, 0x00000000d5580000)
  object space 68608K, 61% used [0x0000000080000000,0x0000000082920110,0x0000000084300000)
 Metaspace       used 63456K, committed 64896K, reserved 1114112K
  class space    used 7802K, committed 8512K, reserved 1048576K
}
Event: 12.385 GC heap before
{Heap before GC invocations=54 (full 3):
 PSYoungGen      total 17920K, used 17792K [0x00000000d5580000, 0x00000000d6980000, 0x0000000100000000)
  eden space 17408K, 100% used [0x00000000d5580000,0x00000000d6680000,0x00000000d6680000)
  from space 512K, 75% used [0x00000000d6900000,0x00000000d6960000,0x00000000d6980000)
  to   space 512K, 0% used [0x00000000d6880000,0x00000000d6880000,0x00000000d6900000)
 ParOldGen       total 68608K, used 42112K [0x0000000080000000, 0x0000000084300000, 0x00000000d5580000)
  object space 68608K, 61% used [0x0000000080000000,0x0000000082920110,0x0000000084300000)
 Metaspace       used 63498K, committed 64960K, reserved 1114112K
  class space    used 7802K, committed 8512K, reserved 1048576K
}
Event: 12.386 GC heap after
{Heap after GC invocations=54 (full 3):
 PSYoungGen      total 17920K, used 320K [0x00000000d5580000, 0x00000000d6980000, 0x0000000100000000)
  eden space 17408K, 0% used [0x00000000d5580000,0x00000000d5580000,0x00000000d6680000)
  from space 512K, 62% used [0x00000000d6880000,0x00000000d68d0000,0x00000000d6900000)
  to   space 512K, 0% used [0x00000000d6900000,0x00000000d6900000,0x00000000d6980000)
 ParOldGen       total 68608K, used 42256K [0x0000000080000000, 0x0000000084300000, 0x00000000d5580000)
  object space 68608K, 61% used [0x0000000080000000,0x0000000082944110,0x0000000084300000)
 Metaspace       used 63498K, committed 64960K, reserved 1114112K
  class space    used 7802K, committed 8512K, reserved 1048576K
}
Event: 14.650 GC heap before
{Heap before GC invocations=55 (full 3):
 PSYoungGen      total 17920K, used 17728K [0x00000000d5580000, 0x00000000d6980000, 0x0000000100000000)
  eden space 17408K, 100% used [0x00000000d5580000,0x00000000d6680000,0x00000000d6680000)
  from space 512K, 62% used [0x00000000d6880000,0x00000000d68d0000,0x00000000d6900000)
  to   space 512K, 0% used [0x00000000d6900000,0x00000000d6900000,0x00000000d6980000)
 ParOldGen       total 68608K, used 42256K [0x0000000080000000, 0x0000000084300000, 0x00000000d5580000)
  object space 68608K, 61% used [0x0000000080000000,0x0000000082944110,0x0000000084300000)
 Metaspace       used 63506K, committed 64960K, reserved 1114112K
  class space    used 7802K, committed 8512K, reserved 1048576K
}
Event: 14.650 GC heap after
{Heap after GC invocations=55 (full 3):
 PSYoungGen      total 17920K, used 352K [0x00000000d5580000, 0x00000000d6980000, 0x0000000100000000)
  eden space 17408K, 0% used [0x00000000d5580000,0x00000000d5580000,0x00000000d6680000)
  from space 512K, 68% used [0x00000000d6900000,0x00000000d6958000,0x00000000d6980000)
  to   space 512K, 0% used [0x00000000d6880000,0x00000000d6880000,0x00000000d6900000)
 ParOldGen       total 68608K, used 42328K [0x0000000080000000, 0x0000000084300000, 0x00000000d5580000)
  object space 68608K, 61% used [0x0000000080000000,0x0000000082956110,0x0000000084300000)
 Metaspace       used 63506K, committed 64960K, reserved 1114112K
  class space    used 7802K, committed 8512K, reserved 1048576K
}
Event: 14.702 GC heap before
{Heap before GC invocations=56 (full 3):
 PSYoungGen      total 17920K, used 17760K [0x00000000d5580000, 0x00000000d6980000, 0x0000000100000000)
  eden space 17408K, 100% used [0x00000000d5580000,0x00000000d6680000,0x00000000d6680000)
  from space 512K, 68% used [0x00000000d6900000,0x00000000d6958000,0x00000000d6980000)
  to   space 512K, 0% used [0x00000000d6880000,0x00000000d6880000,0x00000000d6900000)
 ParOldGen       total 68608K, used 42328K [0x0000000080000000, 0x0000000084300000, 0x00000000d5580000)
  object space 68608K, 61% used [0x0000000080000000,0x0000000082956110,0x0000000084300000)
 Metaspace       used 63507K, committed 64960K, reserved 1114112K
  class space    used 7802K, committed 8512K, reserved 1048576K
}
Event: 14.703 GC heap after
{Heap after GC invocations=56 (full 3):
 PSYoungGen      total 17920K, used 192K [0x00000000d5580000, 0x00000000d6980000, 0x0000000100000000)
  eden space 17408K, 0% used [0x00000000d5580000,0x00000000d5580000,0x00000000d6680000)
  from space 512K, 37% used [0x00000000d6880000,0x00000000d68b0000,0x00000000d6900000)
  to   space 512K, 0% used [0x00000000d6900000,0x00000000d6900000,0x00000000d6980000)
 ParOldGen       total 68608K, used 42376K [0x0000000080000000, 0x0000000084300000, 0x00000000d5580000)
  object space 68608K, 61% used [0x0000000080000000,0x0000000082962110,0x0000000084300000)
 Metaspace       used 63507K, committed 64960K, reserved 1114112K
  class space    used 7802K, committed 8512K, reserved 1048576K
}
Event: 15.109 GC heap before
{Heap before GC invocations=57 (full 3):
 PSYoungGen      total 17920K, used 17600K [0x00000000d5580000, 0x00000000d6980000, 0x0000000100000000)
  eden space 17408K, 100% used [0x00000000d5580000,0x00000000d6680000,0x00000000d6680000)
  from space 512K, 37% used [0x00000000d6880000,0x00000000d68b0000,0x00000000d6900000)
  to   space 512K, 0% used [0x00000000d6900000,0x00000000d6900000,0x00000000d6980000)
 ParOldGen       total 68608K, used 42376K [0x0000000080000000, 0x0000000084300000, 0x00000000d5580000)
  object space 68608K, 61% used [0x0000000080000000,0x0000000082962110,0x0000000084300000)
 Metaspace       used 63507K, committed 64960K, reserved 1114112K
  class space    used 7802K, committed 8512K, reserved 1048576K
}
Event: 15.109 GC heap after
{Heap after GC invocations=57 (full 3):
 PSYoungGen      total 17920K, used 192K [0x00000000d5580000, 0x00000000d6980000, 0x0000000100000000)
  eden space 17408K, 0% used [0x00000000d5580000,0x00000000d5580000,0x00000000d6680000)
  from space 512K, 37% used [0x00000000d6900000,0x00000000d6930000,0x00000000d6980000)
  to   space 512K, 0% used [0x00000000d6880000,0x00000000d6880000,0x00000000d6900000)
 ParOldGen       total 68608K, used 42424K [0x0000000080000000, 0x0000000084300000, 0x00000000d5580000)
  object space 68608K, 61% used [0x0000000080000000,0x000000008296e110,0x0000000084300000)
 Metaspace       used 63507K, committed 64960K, reserved 1114112K
  class space    used 7802K, committed 8512K, reserved 1048576K
}
Event: 15.280 GC heap before
{Heap before GC invocations=58 (full 3):
 PSYoungGen      total 17920K, used 17600K [0x00000000d5580000, 0x00000000d6980000, 0x0000000100000000)
  eden space 17408K, 100% used [0x00000000d5580000,0x00000000d6680000,0x00000000d6680000)
  from space 512K, 37% used [0x00000000d6900000,0x00000000d6930000,0x00000000d6980000)
  to   space 512K, 0% used [0x00000000d6880000,0x00000000d6880000,0x00000000d6900000)
 ParOldGen       total 68608K, used 42424K [0x0000000080000000, 0x0000000084300000, 0x00000000d5580000)
  object space 68608K, 61% used [0x0000000080000000,0x000000008296e110,0x0000000084300000)
 Metaspace       used 63673K, committed 65152K, reserved 1114112K
  class space    used 7826K, committed 8512K, reserved 1048576K
}
Event: 15.281 GC heap after
{Heap after GC invocations=58 (full 3):
 PSYoungGen      total 17920K, used 488K [0x00000000d5580000, 0x00000000d6980000, 0x0000000100000000)
  eden space 17408K, 0% used [0x00000000d5580000,0x00000000d5580000,0x00000000d6680000)
  from space 512K, 95% used [0x00000000d6880000,0x00000000d68fa3f0,0x00000000d6900000)
  to   space 512K, 0% used [0x00000000d6900000,0x00000000d6900000,0x00000000d6980000)
 ParOldGen       total 68608K, used 42690K [0x0000000080000000, 0x0000000084300000, 0x00000000d5580000)
  object space 68608K, 62% used [0x0000000080000000,0x00000000829b09a0,0x0000000084300000)
 Metaspace       used 63673K, committed 65152K, reserved 1114112K
  class space    used 7826K, committed 8512K, reserved 1048576K
}

