# JRE version: OpenJDK Runtime Environment Temurin-21.0.7+6 (21.0.7+6) (build 21.0.7+6-LTS)
# Java VM: OpenJDK 64-Bit Server VM Temurin-21.0.7+6 (21.0.7+6-LTS, mixed mode, sharing, tiered, compressed oops, compressed class ptrs, parallel gc, windows-amd64)
GC Precious Log:
 CardTable entry size: 512
 CPUs: 16 total, 16 available
 Memory: 15613M
 Large Page Support: Disabled
 NUMA Support: Disabled
 Compressed Oops: Enabled (32-bit)
 Alignments: Space 512K, Generation 512K, Heap 2M
 Heap Min Capacity: 100M
 Heap Initial Capacity: 100M
 Heap Max Capacity: 2G
 Pre-touch: Disabled
 Parallel Workers: 13
Heap:
 PSYoungGen      total 2048K, used 2048K [0x00000000d5580000, 0x00000000d5900000, 0x0000000100000000)
  eden space 1536K, 100% used [0x00000000d5580000,0x00000000d5700000,0x00000000d5700000)
  from space 512K, 100% used [0x00000000d5780000,0x00000000d5800000,0x00000000d5800000)
  to   space 1024K, 59% used [0x00000000d5800000,0x00000000d5898000,0x00000000d5900000)
 ParOldGen       total 492544K, used 492537K [0x0000000080000000, 0x000000009e100000, 0x00000000d5580000)
  object space 492544K, 99% used [0x0000000080000000,0x000000009e0fe620,0x000000009e100000)
 Metaspace       used 63781K, committed 65216K, reserved 1114112K
  class space    used 6318K, committed 6912K, reserved 1048576K
GC Heap History (20 events):
Event: 14.568 GC heap before
{Heap before GC invocations=681 (full 3):
 PSYoungGen      total 2560K, used 2016K [0x00000000d5580000, 0x00000000d5880000, 0x0000000100000000)
  eden space 1536K, 100% used [0x00000000d5580000,0x00000000d5700000,0x00000000d5700000)
  from space 1024K, 46% used [0x00000000d5700000,0x00000000d57781a0,0x00000000d5800000)
  to   space 512K, 0% used [0x00000000d5800000,0x00000000d5800000,0x00000000d5880000)
 ParOldGen       total 487424K, used 487333K [0x0000000080000000, 0x000000009dc00000, 0x00000000d5580000)
  object space 487424K, 99% used [0x0000000080000000,0x000000009dbe95d8,0x000000009dc00000)
 Metaspace       used 62989K, committed 64384K, reserved 1114112K
  class space    used 6188K, committed 6784K, reserved 1048576K
}
Event: 14.570 GC heap after
{Heap after GC invocations=681 (full 3):
 PSYoungGen      total 2048K, used 512K [0x00000000d5580000, 0x00000000d5900000, 0x0000000100000000)
  eden space 1536K, 0% used [0x00000000d5580000,0x00000000d5580000,0x00000000d5700000)
  from space 512K, 100% used [0x00000000d5800000,0x00000000d5880000,0x00000000d5880000)
  to   space 1024K, 0% used [0x00000000d5700000,0x00000000d5700000,0x00000000d5800000)
 ParOldGen       total 487936K, used 487632K [0x0000000080000000, 0x000000009dc80000, 0x00000000d5580000)
  object space 487936K, 99% used [0x0000000080000000,0x000000009dc34338,0x000000009dc80000)
 Metaspace       used 62989K, committed 64384K, reserved 1114112K
  class space    used 6188K, committed 6784K, reserved 1048576K
}
Event: 14.579 GC heap before
{Heap before GC invocations=682 (full 3):
 PSYoungGen      total 2048K, used 2048K [0x00000000d5580000, 0x00000000d5900000, 0x0000000100000000)
  eden space 1536K, 100% used [0x00000000d5580000,0x00000000d5700000,0x00000000d5700000)
  from space 512K, 100% used [0x00000000d5800000,0x00000000d5880000,0x00000000d5880000)
  to   space 1024K, 0% used [0x00000000d5700000,0x00000000d5700000,0x00000000d5800000)
 ParOldGen       total 487936K, used 487632K [0x0000000080000000, 0x000000009dc80000, 0x00000000d5580000)
  object space 487936K, 99% used [0x0000000080000000,0x000000009dc34338,0x000000009dc80000)
 Metaspace       used 63042K, committed 64448K, reserved 1114112K
  class space    used 6198K, committed 6784K, reserved 1048576K
}
Event: 14.580 GC heap after
{Heap after GC invocations=682 (full 3):
 PSYoungGen      total 2560K, used 737K [0x00000000d5580000, 0x00000000d5900000, 0x0000000100000000)
  eden space 1536K, 0% used [0x00000000d5580000,0x00000000d5580000,0x00000000d5700000)
  from space 1024K, 71% used [0x00000000d5700000,0x00000000d57b8478,0x00000000d5800000)
  to   space 1024K, 0% used [0x00000000d5800000,0x00000000d5800000,0x00000000d5900000)
 ParOldGen       total 488448K, used 488176K [0x0000000080000000, 0x000000009dd00000, 0x00000000d5580000)
  object space 488448K, 99% used [0x0000000080000000,0x000000009dcbc348,0x000000009dd00000)
 Metaspace       used 63042K, committed 64448K, reserved 1114112K
  class space    used 6198K, committed 6784K, reserved 1048576K
}
Event: 14.591 GC heap before
{Heap before GC invocations=683 (full 3):
 PSYoungGen      total 2560K, used 2273K [0x00000000d5580000, 0x00000000d5900000, 0x0000000100000000)
  eden space 1536K, 100% used [0x00000000d5580000,0x00000000d5700000,0x00000000d5700000)
  from space 1024K, 71% used [0x00000000d5700000,0x00000000d57b8478,0x00000000d5800000)
  to   space 1024K, 0% used [0x00000000d5800000,0x00000000d5800000,0x00000000d5900000)
 ParOldGen       total 488448K, used 488176K [0x0000000080000000, 0x000000009dd00000, 0x00000000d5580000)
  object space 488448K, 99% used [0x0000000080000000,0x000000009dcbc348,0x000000009dd00000)
 Metaspace       used 63095K, committed 64448K, reserved 1114112K
  class space    used 6206K, committed 6784K, reserved 1048576K
}
Event: 14.592 GC heap after
{Heap after GC invocations=683 (full 3):
 PSYoungGen      total 2560K, used 736K [0x00000000d5580000, 0x00000000d5900000, 0x0000000100000000)
  eden space 1536K, 0% used [0x00000000d5580000,0x00000000d5580000,0x00000000d5700000)
  from space 1024K, 71% used [0x00000000d5800000,0x00000000d58b81a0,0x00000000d5900000)
  to   space 1024K, 0% used [0x00000000d5700000,0x00000000d5700000,0x00000000d5800000)
 ParOldGen       total 488960K, used 488868K [0x0000000080000000, 0x000000009dd80000, 0x00000000d5580000)
  object space 488960K, 99% used [0x0000000080000000,0x000000009dd693a0,0x000000009dd80000)
 Metaspace       used 63095K, committed 64448K, reserved 1114112K
  class space    used 6206K, committed 6784K, reserved 1048576K
}
Event: 14.605 GC heap before
{Heap before GC invocations=684 (full 3):
 PSYoungGen      total 2560K, used 2272K [0x00000000d5580000, 0x00000000d5900000, 0x0000000100000000)
  eden space 1536K, 100% used [0x00000000d5580000,0x00000000d5700000,0x00000000d5700000)
  from space 1024K, 71% used [0x00000000d5800000,0x00000000d58b81a0,0x00000000d5900000)
  to   space 1024K, 0% used [0x00000000d5700000,0x00000000d5700000,0x00000000d5800000)
 ParOldGen       total 488960K, used 488868K [0x0000000080000000, 0x000000009dd80000, 0x00000000d5580000)
  object space 488960K, 99% used [0x0000000080000000,0x000000009dd693a0,0x000000009dd80000)
 Metaspace       used 63156K, committed 64512K, reserved 1114112K
  class space    used 6211K, committed 6784K, reserved 1048576K
}
Event: 14.606 GC heap after
{Heap after GC invocations=684 (full 3):
 PSYoungGen      total 2560K, used 608K [0x00000000d5580000, 0x00000000d5900000, 0x0000000100000000)
  eden space 1536K, 0% used [0x00000000d5580000,0x00000000d5580000,0x00000000d5700000)
  from space 1024K, 59% used [0x00000000d5700000,0x00000000d5798000,0x00000000d5800000)
  to   space 1024K, 0% used [0x00000000d5800000,0x00000000d5800000,0x00000000d5900000)
 ParOldGen       total 489472K, used 489363K [0x0000000080000000, 0x000000009de00000, 0x00000000d5580000)
  object space 489472K, 99% used [0x0000000080000000,0x000000009dde4f10,0x000000009de00000)
 Metaspace       used 63156K, committed 64512K, reserved 1114112K
  class space    used 6211K, committed 6784K, reserved 1048576K
}
Event: 14.612 GC heap before
{Heap before GC invocations=685 (full 3):
 PSYoungGen      total 2560K, used 2144K [0x00000000d5580000, 0x00000000d5900000, 0x0000000100000000)
  eden space 1536K, 100% used [0x00000000d5580000,0x00000000d5700000,0x00000000d5700000)
  from space 1024K, 59% used [0x00000000d5700000,0x00000000d5798000,0x00000000d5800000)
  to   space 1024K, 0% used [0x00000000d5800000,0x00000000d5800000,0x00000000d5900000)
 ParOldGen       total 489472K, used 489363K [0x0000000080000000, 0x000000009de00000, 0x00000000d5580000)
  object space 489472K, 99% used [0x0000000080000000,0x000000009dde4f10,0x000000009de00000)
 Metaspace       used 63199K, committed 64576K, reserved 1114112K
  class space    used 6219K, committed 6784K, reserved 1048576K
}
Event: 14.613 GC heap after
{Heap after GC invocations=685 (full 3):
 PSYoungGen      total 2560K, used 800K [0x00000000d5580000, 0x00000000d5900000, 0x0000000100000000)
  eden space 1536K, 0% used [0x00000000d5580000,0x00000000d5580000,0x00000000d5700000)
  from space 1024K, 78% used [0x00000000d5800000,0x00000000d58c8000,0x00000000d5900000)
  to   space 1024K, 0% used [0x00000000d5700000,0x00000000d5700000,0x00000000d5800000)
 ParOldGen       total 489984K, used 489885K [0x0000000080000000, 0x000000009de80000, 0x00000000d5580000)
  object space 489984K, 99% used [0x0000000080000000,0x000000009de675a0,0x000000009de80000)
 Metaspace       used 63199K, committed 64576K, reserved 1114112K
  class space    used 6219K, committed 6784K, reserved 1048576K
}
Event: 14.621 GC heap before
{Heap before GC invocations=686 (full 3):
 PSYoungGen      total 2560K, used 2335K [0x00000000d5580000, 0x00000000d5900000, 0x0000000100000000)
  eden space 1536K, 99% used [0x00000000d5580000,0x00000000d56fffc8,0x00000000d5700000)
  from space 1024K, 78% used [0x00000000d5800000,0x00000000d58c8000,0x00000000d5900000)
  to   space 1024K, 0% used [0x00000000d5700000,0x00000000d5700000,0x00000000d5800000)
 ParOldGen       total 489984K, used 489885K [0x0000000080000000, 0x000000009de80000, 0x00000000d5580000)
  object space 489984K, 99% used [0x0000000080000000,0x000000009de675a0,0x000000009de80000)
 Metaspace       used 63282K, committed 64704K, reserved 1114112K
  class space    used 6226K, committed 6848K, reserved 1048576K
}
Event: 14.623 GC heap after
{Heap after GC invocations=686 (full 3):
 PSYoungGen      total 2560K, used 548K [0x00000000d5580000, 0x00000000d5900000, 0x0000000100000000)
  eden space 1536K, 0% used [0x00000000d5580000,0x00000000d5580000,0x00000000d5700000)
  from space 1024K, 53% used [0x00000000d5700000,0x00000000d5789030,0x00000000d5800000)
  to   space 1024K, 0% used [0x00000000d5800000,0x00000000d5800000,0x00000000d5900000)
 ParOldGen       total 490496K, used 490486K [0x0000000080000000, 0x000000009df00000, 0x00000000d5580000)
  object space 490496K, 99% used [0x0000000080000000,0x000000009defd908,0x000000009df00000)
 Metaspace       used 63282K, committed 64704K, reserved 1114112K
  class space    used 6226K, committed 6848K, reserved 1048576K
}
Event: 14.626 GC heap before
{Heap before GC invocations=687 (full 3):
 PSYoungGen      total 2560K, used 2084K [0x00000000d5580000, 0x00000000d5900000, 0x0000000100000000)
  eden space 1536K, 100% used [0x00000000d5580000,0x00000000d5700000,0x00000000d5700000)
  from space 1024K, 53% used [0x00000000d5700000,0x00000000d5789030,0x00000000d5800000)
  to   space 1024K, 0% used [0x00000000d5800000,0x00000000d5800000,0x00000000d5900000)
 ParOldGen       total 490496K, used 490486K [0x0000000080000000, 0x000000009df00000, 0x00000000d5580000)
  object space 490496K, 99% used [0x0000000080000000,0x000000009defd908,0x000000009df00000)
 Metaspace       used 63306K, committed 64704K, reserved 1114112K
  class space    used 6238K, committed 6848K, reserved 1048576K
}
Event: 14.627 GC heap after
{Heap after GC invocations=687 (full 3):
 PSYoungGen      total 2560K, used 512K [0x00000000d5580000, 0x00000000d5900000, 0x0000000100000000)
  eden space 1536K, 0% used [0x00000000d5580000,0x00000000d5580000,0x00000000d5700000)
  from space 1024K, 50% used [0x00000000d5800000,0x00000000d5880000,0x00000000d5900000)
  to   space 1024K, 0% used [0x00000000d5700000,0x00000000d5700000,0x00000000d5800000)
 ParOldGen       total 491008K, used 490882K [0x0000000080000000, 0x000000009df80000, 0x00000000d5580000)
  object space 491008K, 99% used [0x0000000080000000,0x000000009df60958,0x000000009df80000)
 Metaspace       used 63306K, committed 64704K, reserved 1114112K
  class space    used 6238K, committed 6848K, reserved 1048576K
}
Event: 14.637 GC heap before
{Heap before GC invocations=688 (full 3):
 PSYoungGen      total 2560K, used 2048K [0x00000000d5580000, 0x00000000d5900000, 0x0000000100000000)
  eden space 1536K, 100% used [0x00000000d5580000,0x00000000d5700000,0x00000000d5700000)
  from space 1024K, 50% used [0x00000000d5800000,0x00000000d5880000,0x00000000d5900000)
  to   space 1024K, 0% used [0x00000000d5700000,0x00000000d5700000,0x00000000d5800000)
 ParOldGen       total 491008K, used 490882K [0x0000000080000000, 0x000000009df80000, 0x00000000d5580000)
  object space 491008K, 99% used [0x0000000080000000,0x000000009df60958,0x000000009df80000)
 Metaspace       used 63373K, committed 64768K, reserved 1114112K
  class space    used 6258K, committed 6848K, reserved 1048576K
}
Event: 14.639 GC heap after
{Heap after GC invocations=688 (full 3):
 PSYoungGen      total 2560K, used 567K [0x00000000d5580000, 0x00000000d5900000, 0x0000000100000000)
  eden space 1536K, 0% used [0x00000000d5580000,0x00000000d5580000,0x00000000d5700000)
  from space 1024K, 55% used [0x00000000d5700000,0x00000000d578dfe0,0x00000000d5800000)
  to   space 1024K, 0% used [0x00000000d5800000,0x00000000d5800000,0x00000000d5900000)
 ParOldGen       total 491520K, used 491194K [0x0000000080000000, 0x000000009e000000, 0x00000000d5580000)
  object space 491520K, 99% used [0x0000000080000000,0x000000009dfae958,0x000000009e000000)
 Metaspace       used 63373K, committed 64768K, reserved 1114112K
  class space    used 6258K, committed 6848K, reserved 1048576K
}
Event: 14.652 GC heap before
{Heap before GC invocations=689 (full 3):
 PSYoungGen      total 2560K, used 2103K [0x00000000d5580000, 0x00000000d5900000, 0x0000000100000000)
  eden space 1536K, 100% used [0x00000000d5580000,0x00000000d5700000,0x00000000d5700000)
  from space 1024K, 55% used [0x00000000d5700000,0x00000000d578dfe0,0x00000000d5800000)
  to   space 1024K, 0% used [0x00000000d5800000,0x00000000d5800000,0x00000000d5900000)
 ParOldGen       total 491520K, used 491194K [0x0000000080000000, 0x000000009e000000, 0x00000000d5580000)
  object space 491520K, 99% used [0x0000000080000000,0x000000009dfae958,0x000000009e000000)
 Metaspace       used 63469K, committed 64832K, reserved 1114112K
  class space    used 6276K, committed 6848K, reserved 1048576K
}
Event: 14.654 GC heap after
{Heap after GC invocations=689 (full 3):
 PSYoungGen      total 2560K, used 666K [0x00000000d5580000, 0x00000000d5900000, 0x0000000100000000)
  eden space 1536K, 0% used [0x00000000d5580000,0x00000000d5580000,0x00000000d5700000)
  from space 1024K, 65% used [0x00000000d5800000,0x00000000d58a6a58,0x00000000d5900000)
  to   space 1024K, 0% used [0x00000000d5700000,0x00000000d5700000,0x00000000d5800000)
 ParOldGen       total 491520K, used 491472K [0x0000000080000000, 0x000000009e000000, 0x00000000d5580000)
  object space 491520K, 99% used [0x0000000080000000,0x000000009dff4020,0x000000009e000000)
 Metaspace       used 63469K, committed 64832K, reserved 1114112K
  class space    used 6276K, committed 6848K, reserved 1048576K
}
Event: 14.674 GC heap before
{Heap before GC invocations=690 (full 3):
 PSYoungGen      total 2560K, used 2202K [0x00000000d5580000, 0x00000000d5900000, 0x0000000100000000)
  eden space 1536K, 100% used [0x00000000d5580000,0x00000000d5700000,0x00000000d5700000)
  from space 1024K, 65% used [0x00000000d5800000,0x00000000d58a6a58,0x00000000d5900000)
  to   space 1024K, 0% used [0x00000000d5700000,0x00000000d5700000,0x00000000d5800000)
 ParOldGen       total 491520K, used 491472K [0x0000000080000000, 0x000000009e000000, 0x00000000d5580000)
  object space 491520K, 99% used [0x0000000080000000,0x000000009dff4020,0x000000009e000000)
 Metaspace       used 63546K, committed 64960K, reserved 1114112K
  class space    used 6287K, committed 6912K, reserved 1048576K
}
Event: 14.676 GC heap after
{Heap after GC invocations=690 (full 3):
 PSYoungGen      total 2560K, used 411K [0x00000000d5580000, 0x00000000d5880000, 0x0000000100000000)
  eden space 1536K, 0% used [0x00000000d5580000,0x00000000d5580000,0x00000000d5700000)
  from space 1024K, 40% used [0x00000000d5700000,0x00000000d5766c08,0x00000000d5800000)
  to   space 512K, 0% used [0x00000000d5800000,0x00000000d5800000,0x00000000d5880000)
 ParOldGen       total 492032K, used 491716K [0x0000000080000000, 0x000000009e080000, 0x00000000d5580000)
  object space 492032K, 99% used [0x0000000080000000,0x000000009e0310d0,0x000000009e080000)
 Metaspace       used 63546K, committed 64960K, reserved 1114112K
  class space    used 6287K, committed 6912K, reserved 1048576K
}

