# JRE version: Java(TM) SE Runtime Environment (17.0.11+7) (build 17.0.11+7-LTS-207)
# Java VM: Java HotSpot(TM) 64-Bit Server VM (17.0.11+7-LTS-207, mixed mode, sharing, tiered, compressed oops, compressed class ptrs, g1 gc, windows-amd64)
GC Precious Log:
 CPUs: 16 total, 16 available
 Memory: 15613M
 Large Page Support: Disabled
 NUMA Support: Disabled
 Compressed Oops: Enabled (32-bit)
 Heap Region Size: 1M
 Heap Min Capacity: 8M
 Heap Initial Capacity: 244M
 Heap Max Capacity: 2G
 Pre-touch: Disabled
 Parallel Workers: 13
 Concurrent Workers: 3
 Concurrent Refinement Workers: 13
 Periodic GC: Disabled
Heap:
 garbage-first heap   total 99328K, used 76374K [0x0000000080000000, 0x0000000100000000)
  region size 1024K, 18 young (18432K), 1 survivors (1024K)
 Metaspace       used 64444K, committed 65152K, reserved 491520K
  class space    used 9116K, committed 9472K, reserved 425984K
GC Heap History (20 events):
Event: 12.642 GC heap before
{Heap before GC invocations=14 (full 0):
 garbage-first heap   total 92160K, used 72781K [0x0000000080000000, 0x0000000100000000)
  region size 1024K, 35 young (35840K), 4 survivors (4096K)
 Metaspace       used 53634K, committed 54208K, reserved 491520K
  class space    used 7519K, committed 7808K, reserved 425984K
}
Event: 12.646 GC heap after
{Heap after GC invocations=15 (full 0):
 garbage-first heap   total 92160K, used 45041K [0x0000000080000000, 0x0000000100000000)
  region size 1024K, 5 young (5120K), 5 survivors (5120K)
 Metaspace       used 53634K, committed 54208K, reserved 491520K
  class space    used 7519K, committed 7808K, reserved 425984K
}
Event: 12.829 GC heap before
{Heap before GC invocations=15 (full 0):
 garbage-first heap   total 92160K, used 58353K [0x0000000080000000, 0x0000000100000000)
  region size 1024K, 20 young (20480K), 5 survivors (5120K)
 Metaspace       used 54392K, committed 54976K, reserved 491520K
  class space    used 7601K, committed 7872K, reserved 425984K
}
Event: 12.832 GC heap after
{Heap after GC invocations=16 (full 0):
 garbage-first heap   total 92160K, used 46250K [0x0000000080000000, 0x0000000100000000)
  region size 1024K, 2 young (2048K), 2 survivors (2048K)
 Metaspace       used 54392K, committed 54976K, reserved 491520K
  class space    used 7601K, committed 7872K, reserved 425984K
}
Event: 13.311 GC heap before
{Heap before GC invocations=17 (full 0):
 garbage-first heap   total 92160K, used 81066K [0x0000000080000000, 0x0000000100000000)
  region size 1024K, 29 young (29696K), 2 survivors (2048K)
 Metaspace       used 57001K, committed 57600K, reserved 491520K
  class space    used 7963K, committed 8256K, reserved 425984K
}
Event: 13.313 GC heap after
{Heap after GC invocations=18 (full 0):
 garbage-first heap   total 92160K, used 55640K [0x0000000080000000, 0x0000000100000000)
  region size 1024K, 4 young (4096K), 4 survivors (4096K)
 Metaspace       used 57001K, committed 57600K, reserved 491520K
  class space    used 7963K, committed 8256K, reserved 425984K
}
Event: 13.324 GC heap before
{Heap before GC invocations=18 (full 0):
 garbage-first heap   total 92160K, used 56664K [0x0000000080000000, 0x0000000100000000)
  region size 1024K, 5 young (5120K), 4 survivors (4096K)
 Metaspace       used 57068K, committed 57664K, reserved 491520K
  class space    used 7983K, committed 8256K, reserved 425984K
}
Event: 13.326 GC heap after
{Heap after GC invocations=19 (full 0):
 garbage-first heap   total 92160K, used 55725K [0x0000000080000000, 0x0000000100000000)
  region size 1024K, 1 young (1024K), 1 survivors (1024K)
 Metaspace       used 57068K, committed 57664K, reserved 491520K
  class space    used 7983K, committed 8256K, reserved 425984K
}
Event: 13.638 GC heap before
{Heap before GC invocations=19 (full 0):
 garbage-first heap   total 92160K, used 76205K [0x0000000080000000, 0x0000000100000000)
  region size 1024K, 21 young (21504K), 1 survivors (1024K)
 Metaspace       used 58581K, committed 59264K, reserved 491520K
  class space    used 8183K, committed 8512K, reserved 425984K
}
Event: 13.639 GC heap after
{Heap after GC invocations=20 (full 0):
 garbage-first heap   total 92160K, used 56416K [0x0000000080000000, 0x0000000100000000)
  region size 1024K, 1 young (1024K), 1 survivors (1024K)
 Metaspace       used 58581K, committed 59264K, reserved 491520K
  class space    used 8183K, committed 8512K, reserved 425984K
}
Event: 13.922 GC heap before
{Heap before GC invocations=21 (full 0):
 garbage-first heap   total 99328K, used 75872K [0x0000000080000000, 0x0000000100000000)
  region size 1024K, 21 young (21504K), 1 survivors (1024K)
 Metaspace       used 59779K, committed 60480K, reserved 491520K
  class space    used 8349K, committed 8640K, reserved 425984K
}
Event: 13.924 GC heap after
{Heap after GC invocations=22 (full 0):
 garbage-first heap   total 99328K, used 56961K [0x0000000080000000, 0x0000000100000000)
  region size 1024K, 2 young (2048K), 2 survivors (2048K)
 Metaspace       used 59779K, committed 60480K, reserved 491520K
  class space    used 8349K, committed 8640K, reserved 425984K
}
Event: 13.965 GC heap before
{Heap before GC invocations=22 (full 0):
 garbage-first heap   total 99328K, used 59009K [0x0000000080000000, 0x0000000100000000)
  region size 1024K, 4 young (4096K), 2 survivors (2048K)
 Metaspace       used 60075K, committed 60736K, reserved 491520K
  class space    used 8404K, committed 8704K, reserved 425984K
}
Event: 13.967 GC heap after
{Heap after GC invocations=23 (full 0):
 garbage-first heap   total 99328K, used 56288K [0x0000000080000000, 0x0000000100000000)
  region size 1024K, 1 young (1024K), 1 survivors (1024K)
 Metaspace       used 60075K, committed 60736K, reserved 491520K
  class space    used 8404K, committed 8704K, reserved 425984K
}
Event: 14.600 GC heap before
{Heap before GC invocations=23 (full 0):
 garbage-first heap   total 99328K, used 81888K [0x0000000080000000, 0x0000000100000000)
  region size 1024K, 27 young (27648K), 1 survivors (1024K)
 Metaspace       used 62338K, committed 63040K, reserved 491520K
  class space    used 8792K, committed 9152K, reserved 425984K
}
Event: 14.602 GC heap after
{Heap after GC invocations=24 (full 0):
 garbage-first heap   total 99328K, used 57174K [0x0000000080000000, 0x0000000100000000)
  region size 1024K, 2 young (2048K), 2 survivors (2048K)
 Metaspace       used 62338K, committed 63040K, reserved 491520K
  class space    used 8792K, committed 9152K, reserved 425984K
}
Event: 15.180 GC heap before
{Heap before GC invocations=25 (full 0):
 garbage-first heap   total 99328K, used 84822K [0x0000000080000000, 0x0000000100000000)
  region size 1024K, 27 young (27648K), 2 survivors (2048K)
 Metaspace       used 63642K, committed 64320K, reserved 491520K
  class space    used 8987K, committed 9344K, reserved 425984K
}
Event: 15.182 GC heap after
{Heap after GC invocations=26 (full 0):
 garbage-first heap   total 99328K, used 61255K [0x0000000080000000, 0x0000000100000000)
  region size 1024K, 3 young (3072K), 3 survivors (3072K)
 Metaspace       used 63642K, committed 64320K, reserved 491520K
  class space    used 8987K, committed 9344K, reserved 425984K
}
Event: 15.197 GC heap before
{Heap before GC invocations=26 (full 0):
 garbage-first heap   total 99328K, used 62279K [0x0000000080000000, 0x0000000100000000)
  region size 1024K, 4 young (4096K), 3 survivors (3072K)
 Metaspace       used 63655K, committed 64384K, reserved 491520K
  class space    used 8989K, committed 9344K, reserved 425984K
}
Event: 15.199 GC heap after
{Heap after GC invocations=27 (full 0):
 garbage-first heap   total 99328K, used 61014K [0x0000000080000000, 0x0000000100000000)
  region size 1024K, 1 young (1024K), 1 survivors (1024K)
 Metaspace       used 63655K, committed 64384K, reserved 491520K
  class space    used 8989K, committed 9344K, reserved 425984K
}

